[11-Jan-2026 18:03:43 Europe/Berlin] PHP Warning:  Undefined array key "ids" in C:\xampp\htdocs\WeGreen-Main\src\controller\controllerDashboardAnunciante.php on line 202
[11-Jan-2026 18:03:43 Europe/Berlin] PHP Warning:  Undefined array key "ativo" in C:\xampp\htdocs\WeGreen-Main\src\controller\controllerDashboardAnunciante.php on line 203
[11-Jan-2026 18:52:45 Europe/Berlin] PHP Warning:  Undefined array key "ids" in C:\xampp\htdocs\WeGreen-Main\src\controller\controllerDashboardAnunciante.php on line 202
[11-Jan-2026 18:52:45 Europe/Berlin] PHP Warning:  Undefined array key "ativo" in C:\xampp\htdocs\WeGreen-Main\src\controller\controllerDashboardAnunciante.php on line 203
[11-Jan-2026 19:01:40 Europe/Berlin] PHP Warning:  Undefined array key "ids" in C:\xampp\htdocs\WeGreen-Main\src\controller\controllerDashboardAnunciante.php on line 202
[11-Jan-2026 19:01:40 Europe/Berlin] PHP Warning:  Undefined array key "ativo" in C:\xampp\htdocs\WeGreen-Main\src\controller\controllerDashboardAnunciante.php on line 203
[11-Jan-2026 20:09:06 Europe/Berlin] PHP Warning:  Undefined array key "ids" in C:\xampp\htdocs\WeGreen-Main\src\controller\controllerDashboardAnunciante.php on line 202
[11-Jan-2026 20:09:06 Europe/Berlin] PHP Warning:  Undefined array key "ativo" in C:\xampp\htdocs\WeGreen-Main\src\controller\controllerDashboardAnunciante.php on line 203
[11-Jan-2026 20:09:34 Europe/Berlin] PHP Warning:  Undefined array key "ids" in C:\xampp\htdocs\WeGreen-Main\src\controller\controllerDashboardAnunciante.php on line 202
[11-Jan-2026 20:09:34 Europe/Berlin] PHP Warning:  Undefined array key "ativo" in C:\xampp\htdocs\WeGreen-Main\src\controller\controllerDashboardAnunciante.php on line 203
[11-Jan-2026 20:15:45 Europe/Berlin] removerProdutosEmMassa - IDs: Array
(
    [0] => 29
)

[11-Jan-2026 20:15:45 Europe/Berlin] Exceção ao remover produtos: Table 'wegreen.carrinho' doesn't exist
[11-Jan-2026 20:15:45 Europe/Berlin] Stack trace: #0 C:\xampp\htdocs\WeGreen-Main\src\model\modelDashboardAnunciante.php(394): mysqli->prepare('DELETE FROM Car...')
#1 C:\xampp\htdocs\WeGreen-Main\src\controller\controllerDashboardAnunciante.php(316): DashboardAnunciante->removerProdutosEmMassa(Array)
#2 {main}
[11-Jan-2026 20:15:51 Europe/Berlin] removerProdutosEmMassa - IDs: Array
(
    [0] => 29
)

[11-Jan-2026 20:15:51 Europe/Berlin] Exceção ao remover produtos: Table 'wegreen.carrinho' doesn't exist
[11-Jan-2026 20:15:51 Europe/Berlin] Stack trace: #0 C:\xampp\htdocs\WeGreen-Main\src\model\modelDashboardAnunciante.php(394): mysqli->prepare('DELETE FROM Car...')
#1 C:\xampp\htdocs\WeGreen-Main\src\controller\controllerDashboardAnunciante.php(316): DashboardAnunciante->removerProdutosEmMassa(Array)
#2 {main}
[11-Jan-2026 20:16:01 Europe/Berlin] removerProdutosEmMassa - IDs: Array
(
    [0] => 29
)

[11-Jan-2026 20:16:01 Europe/Berlin] Exceção ao remover produtos: Table 'wegreen.carrinho' doesn't exist
[11-Jan-2026 20:16:01 Europe/Berlin] Stack trace: #0 C:\xampp\htdocs\WeGreen-Main\src\model\modelDashboardAnunciante.php(394): mysqli->prepare('DELETE FROM Car...')
#1 C:\xampp\htdocs\WeGreen-Main\src\controller\controllerDashboardAnunciante.php(316): DashboardAnunciante->removerProdutosEmMassa(Array)
#2 {main}
[11-Jan-2026 20:16:25 Europe/Berlin] removerProdutosEmMassa - IDs: Array
(
    [0] => 29
)

[11-Jan-2026 20:16:25 Europe/Berlin] Exceção ao remover produtos: Table 'wegreen.carrinho' doesn't exist
[11-Jan-2026 20:16:25 Europe/Berlin] Stack trace: #0 C:\xampp\htdocs\WeGreen-Main\src\model\modelDashboardAnunciante.php(394): mysqli->prepare('DELETE FROM Car...')
#1 C:\xampp\htdocs\WeGreen-Main\src\controller\controllerDashboardAnunciante.php(316): DashboardAnunciante->removerProdutosEmMassa(Array)
#2 {main}
[11-Jan-2026 20:18:49 Europe/Berlin] removerProdutosEmMassa - IDs: Array
(
    [0] => 29
)

[11-Jan-2026 20:18:49 Europe/Berlin] Exceção ao remover produtos: Table 'wegreen.carrinho' doesn't exist
[11-Jan-2026 20:18:49 Europe/Berlin] Stack trace: #0 C:\xampp\htdocs\WeGreen-Main\src\model\modelDashboardAnunciante.php(394): mysqli->prepare('DELETE FROM Car...')
#1 C:\xampp\htdocs\WeGreen-Main\src\controller\controllerDashboardAnunciante.php(316): DashboardAnunciante->removerProdutosEmMassa(Array)
#2 {main}
[11-Jan-2026 20:18:57 Europe/Berlin] removerProdutosEmMassa - IDs: Array
(
    [0] => 29
)

[11-Jan-2026 20:18:57 Europe/Berlin] Exceção ao remover produtos: Table 'wegreen.carrinho' doesn't exist
[11-Jan-2026 20:18:57 Europe/Berlin] Stack trace: #0 C:\xampp\htdocs\WeGreen-Main\src\model\modelDashboardAnunciante.php(394): mysqli->prepare('DELETE FROM Car...')
#1 C:\xampp\htdocs\WeGreen-Main\src\controller\controllerDashboardAnunciante.php(316): DashboardAnunciante->removerProdutosEmMassa(Array)
#2 {main}
[11-Jan-2026 20:20:07 Europe/Berlin] removerProdutosEmMassa - IDs: Array
(
    [0] => 29
)

[11-Jan-2026 20:20:07 Europe/Berlin] Exceção ao remover produtos: Table 'wegreen.carrinho' doesn't exist
[11-Jan-2026 20:20:07 Europe/Berlin] Stack trace: #0 C:\xampp\htdocs\WeGreen-Main\src\model\modelDashboardAnunciante.php(394): mysqli->prepare('DELETE FROM Car...')
#1 C:\xampp\htdocs\WeGreen-Main\src\controller\controllerDashboardAnunciante.php(316): DashboardAnunciante->removerProdutosEmMassa(Array)
#2 {main}
[11-Jan-2026 20:20:15 Europe/Berlin] removerProdutosEmMassa - IDs: Array
(
    [0] => 29
)

[11-Jan-2026 20:20:15 Europe/Berlin] Exceção ao remover produtos: Table 'wegreen.carrinho' doesn't exist
[11-Jan-2026 20:20:15 Europe/Berlin] Stack trace: #0 C:\xampp\htdocs\WeGreen-Main\src\model\modelDashboardAnunciante.php(394): mysqli->prepare('DELETE FROM Car...')
#1 C:\xampp\htdocs\WeGreen-Main\src\controller\controllerDashboardAnunciante.php(316): DashboardAnunciante->removerProdutosEmMassa(Array)
#2 {main}
[11-Jan-2026 20:20:20 Europe/Berlin] removerProdutosEmMassa - IDs: Array
(
    [0] => 29
)

[11-Jan-2026 20:20:20 Europe/Berlin] Exceção ao remover produtos: Table 'wegreen.carrinho' doesn't exist
[11-Jan-2026 20:20:20 Europe/Berlin] Stack trace: #0 C:\xampp\htdocs\WeGreen-Main\src\model\modelDashboardAnunciante.php(394): mysqli->prepare('DELETE FROM Car...')
#1 C:\xampp\htdocs\WeGreen-Main\src\controller\controllerDashboardAnunciante.php(316): DashboardAnunciante->removerProdutosEmMassa(Array)
#2 {main}
[11-Jan-2026 20:21:01 Europe/Berlin] removerProdutosEmMassa - IDs: Array
(
    [0] => 29
)

[11-Jan-2026 20:21:01 Europe/Berlin] Exceção ao remover produtos: Table 'wegreen.carrinho' doesn't exist
[11-Jan-2026 20:21:01 Europe/Berlin] Stack trace: #0 C:\xampp\htdocs\WeGreen-Main\src\model\modelDashboardAnunciante.php(394): mysqli->prepare('DELETE FROM Car...')
#1 C:\xampp\htdocs\WeGreen-Main\src\controller\controllerDashboardAnunciante.php(316): DashboardAnunciante->removerProdutosEmMassa(Array)
#2 {main}
[11-Jan-2026 20:22:45 Europe/Berlin] removerProdutosEmMassa - IDs: Array
(
    [0] => 29
)

[11-Jan-2026 20:22:45 Europe/Berlin] Exceção ao remover produtos: Table 'wegreen.carrinho' doesn't exist
[11-Jan-2026 20:22:45 Europe/Berlin] Stack trace: #0 C:\xampp\htdocs\WeGreen-Main\src\model\modelDashboardAnunciante.php(394): mysqli->prepare('DELETE FROM Car...')
#1 C:\xampp\htdocs\WeGreen-Main\src\controller\controllerDashboardAnunciante.php(316): DashboardAnunciante->removerProdutosEmMassa(Array)
#2 {main}
[11-Jan-2026 20:22:58 Europe/Berlin] removerProdutosEmMassa - IDs: Array
(
    [0] => 29
)

[11-Jan-2026 20:22:58 Europe/Berlin] Exceção ao remover produtos: Table 'wegreen.carrinho' doesn't exist
[11-Jan-2026 20:22:58 Europe/Berlin] Stack trace: #0 C:\xampp\htdocs\WeGreen-Main\src\model\modelDashboardAnunciante.php(394): mysqli->prepare('DELETE FROM Car...')
#1 C:\xampp\htdocs\WeGreen-Main\src\controller\controllerDashboardAnunciante.php(316): DashboardAnunciante->removerProdutosEmMassa(Array)
#2 {main}
[11-Jan-2026 20:24:22 Europe/Berlin] removerProdutosEmMassa - IDs: Array
(
    [0] => 29
)

[11-Jan-2026 20:24:22 Europe/Berlin] Produto 29 removido
[11-Jan-2026 20:24:22 Europe/Berlin] Resultado final: 1 produto(s) removido(s)
[11-Jan-2026 20:29:45 Europe/Berlin] removerProdutosEmMassa - IDs: Array
(
    [0] => 2
)

[11-Jan-2026 20:29:45 Europe/Berlin] Produto 2 desativado (tem encomendas ou vendas)
[11-Jan-2026 20:29:45 Europe/Berlin] Resultado final: 1 produto(s) desativado(s) (possui histórico de vendas/encomendas)
[11-Jan-2026 20:30:38 Europe/Berlin] removerProdutosEmMassa - IDs: Array
(
    [0] => 2
)

[11-Jan-2026 20:30:38 Europe/Berlin] Produto 2 desativado (tem encomendas ou vendas)
[11-Jan-2026 20:30:38 Europe/Berlin] Resultado final: 1 produto(s) desativado(s) (possui histórico de vendas/encomendas)
[11-Jan-2026 20:30:44 Europe/Berlin] removerProdutosEmMassa - IDs: Array
(
    [0] => 2
)

[11-Jan-2026 20:30:44 Europe/Berlin] Produto 2 desativado (tem encomendas ou vendas)
[11-Jan-2026 20:30:44 Europe/Berlin] Resultado final: 1 produto(s) desativado(s) (possui histórico de vendas/encomendas)
[11-Jan-2026 20:30:55 Europe/Berlin] PHP Warning:  Undefined array key "ids" in C:\xampp\htdocs\WeGreen-Main\src\controller\controllerDashboardAnunciante.php on line 202
[11-Jan-2026 20:30:55 Europe/Berlin] PHP Warning:  Undefined array key "ativo" in C:\xampp\htdocs\WeGreen-Main\src\controller\controllerDashboardAnunciante.php on line 203
[11-Jan-2026 20:31:08 Europe/Berlin] PHP Warning:  Undefined array key "ids" in C:\xampp\htdocs\WeGreen-Main\src\controller\controllerDashboardAnunciante.php on line 202
[11-Jan-2026 20:31:08 Europe/Berlin] PHP Warning:  Undefined array key "ativo" in C:\xampp\htdocs\WeGreen-Main\src\controller\controllerDashboardAnunciante.php on line 203
[11-Jan-2026 20:33:48 Europe/Berlin] PHP Fatal error:  Uncaught mysqli_sql_exception: Unknown column 'p.Foto_Produto' in 'field list' in C:\xampp\htdocs\WeGreen-Main\src\model\modelDashboardAnunciante.php:993
Stack trace:
#0 C:\xampp\htdocs\WeGreen-Main\src\model\modelDashboardAnunciante.php(993): mysqli->query('SELECT e.client...')
#1 C:\xampp\htdocs\WeGreen-Main\src\controller\controllerDashboardAnunciante.php(302): DashboardAnunciante->atualizarStatusEncomenda('1', 'Processando', '', '')
#2 {main}
  thrown in C:\xampp\htdocs\WeGreen-Main\src\model\modelDashboardAnunciante.php on line 993
[11-Jan-2026 20:34:10 Europe/Berlin] PHP Fatal error:  Uncaught mysqli_sql_exception: Unknown column 'p.Foto_Produto' in 'field list' in C:\xampp\htdocs\WeGreen-Main\src\model\modelDashboardAnunciante.php:993
Stack trace:
#0 C:\xampp\htdocs\WeGreen-Main\src\model\modelDashboardAnunciante.php(993): mysqli->query('SELECT e.client...')
#1 C:\xampp\htdocs\WeGreen-Main\src\controller\controllerDashboardAnunciante.php(302): DashboardAnunciante->atualizarStatusEncomenda('1', 'Processando', '', '')
#2 {main}
  thrown in C:\xampp\htdocs\WeGreen-Main\src\model\modelDashboardAnunciante.php on line 993
[11-Jan-2026 20:34:17 Europe/Berlin] PHP Fatal error:  Uncaught mysqli_sql_exception: Unknown column 'p.Foto_Produto' in 'field list' in C:\xampp\htdocs\WeGreen-Main\src\model\modelDashboardAnunciante.php:993
Stack trace:
#0 C:\xampp\htdocs\WeGreen-Main\src\model\modelDashboardAnunciante.php(993): mysqli->query('SELECT e.client...')
#1 C:\xampp\htdocs\WeGreen-Main\src\controller\controllerDashboardAnunciante.php(302): DashboardAnunciante->atualizarStatusEncomenda('1', 'Processando', '', '')
#2 {main}
  thrown in C:\xampp\htdocs\WeGreen-Main\src\model\modelDashboardAnunciante.php on line 993
[11-Jan-2026 20:34:28 Europe/Berlin] PHP Fatal error:  Uncaught mysqli_sql_exception: Unknown column 'p.Foto_Produto' in 'field list' in C:\xampp\htdocs\WeGreen-Main\src\model\modelDashboardAnunciante.php:993
Stack trace:
#0 C:\xampp\htdocs\WeGreen-Main\src\model\modelDashboardAnunciante.php(993): mysqli->query('SELECT e.client...')
#1 C:\xampp\htdocs\WeGreen-Main\src\controller\controllerDashboardAnunciante.php(302): DashboardAnunciante->atualizarStatusEncomenda('1', 'Processando', '', '')
#2 {main}
  thrown in C:\xampp\htdocs\WeGreen-Main\src\model\modelDashboardAnunciante.php on line 993
[11-Jan-2026 20:37:01 Europe/Berlin] Erro ao atualizar status encomenda: Unknown column 'p.Foto_Produto' in 'field list'
[11-Jan-2026 20:37:57 Europe/Berlin] Erro ao atualizar status encomenda: Unknown column 'u.ID_User' in 'on clause'
[11-Jan-2026 20:38:51 Europe/Berlin] Erro ao enviar email de mudança de status: Unknown column 'p.Foto_Produto' in 'field list'
[11-Jan-2026 20:39:18 Europe/Berlin] Erro ao enviar email de mudança de status: Unknown column 'p.Foto_Produto' in 'field list'
[11-Jan-2026 20:39:25 Europe/Berlin] Erro ao enviar email de mudança de status: Unknown column 'p.Foto_Produto' in 'field list'
[11-Jan-2026 21:08:56 Europe/Berlin] PHP Warning:  Undefined array key "ids" in C:\xampp\htdocs\WeGreen-Main\src\controller\controllerDashboardAnunciante.php on line 202
[11-Jan-2026 21:08:56 Europe/Berlin] PHP Warning:  Undefined array key "ativo" in C:\xampp\htdocs\WeGreen-Main\src\controller\controllerDashboardAnunciante.php on line 203
